Using pre-set license
Built from '2022.2/staging' branch; Version is '2022.2.15f1 (30d813e1a2a9) revision 3201043'; Using compiler version '192829333'; Build Type 'Release'
OS: 'Windows 11  (10.0.22621) 64bit ProfessionalEducation' Language: 'pt' Physical Memory: 15741 MB
BatchMode: 1, IsHumanControllingUs: 0, StartBugReporterOnCrash: 0, Is64bit: 1, IsPro: 1

COMMAND LINE ARGUMENTS:
C:\Program Files\Unity\Hub\Editor\2022.2.15f1\Editor\Unity.exe
-adb2
-batchMode
-noUpm
-name
AssetImportWorker4
-projectPath
C:/Users/3jd/Desktop/Através do tempo
-logFile
Logs/AssetImportWorker4.log
-srvPort
53985
Successfully changed project path to: C:/Users/3jd/Desktop/Através do tempo
C:/Users/3jd/Desktop/Através do tempo
[UnityMemory] Configuration Parameters - Can be set up in boot.config
    "memorysetup-bucket-allocator-granularity=16"
    "memorysetup-bucket-allocator-bucket-count=8"
    "memorysetup-bucket-allocator-block-size=33554432"
    "memorysetup-bucket-allocator-block-count=8"
    "memorysetup-main-allocator-block-size=16777216"
    "memorysetup-thread-allocator-block-size=16777216"
    "memorysetup-gfx-main-allocator-block-size=16777216"
    "memorysetup-gfx-thread-allocator-block-size=16777216"
    "memorysetup-cache-allocator-block-size=4194304"
    "memorysetup-typetree-allocator-block-size=2097152"
    "memorysetup-profiler-bucket-allocator-granularity=16"
    "memorysetup-profiler-bucket-allocator-bucket-count=8"
    "memorysetup-profiler-bucket-allocator-block-size=33554432"
    "memorysetup-profiler-bucket-allocator-block-count=8"
    "memorysetup-profiler-allocator-block-size=16777216"
    "memorysetup-profiler-editor-allocator-block-size=1048576"
    "memorysetup-temp-allocator-size-main=16777216"
    "memorysetup-job-temp-allocator-block-size=2097152"
    "memorysetup-job-temp-allocator-block-size-background=1048576"
    "memorysetup-job-temp-allocator-reduction-small-platforms=262144"
    "memorysetup-temp-allocator-size-background-worker=32768"
    "memorysetup-temp-allocator-size-job-worker=262144"
    "memorysetup-temp-allocator-size-preload-manager=33554432"
    "memorysetup-temp-allocator-size-nav-mesh-worker=65536"
    "memorysetup-temp-allocator-size-audio-worker=65536"
    "memorysetup-temp-allocator-size-cloud-worker=32768"
    "memorysetup-temp-allocator-size-gi-baking-worker=262144"
    "memorysetup-temp-allocator-size-gfx=262144"
Player connection [11828] Host "[IP] 192.168.1.195 [Port] 0 [Flags] 2 [Guid] 3357046992 [EditorId] 3357046992 [Version] 1048832 [Id] WindowsEditor(7,LAB3-27) [Debug] 1 [PackageName] WindowsEditor [ProjectName] Editor" joined multi-casting on [225.0.0.222:54997]...

Player connection [11828] Host "[IP] 192.168.1.195 [Port] 0 [Flags] 2 [Guid] 3357046992 [EditorId] 3357046992 [Version] 1048832 [Id] WindowsEditor(7,LAB3-27) [Debug] 1 [PackageName] WindowsEditor [ProjectName] Editor" joined alternative multi-casting on [225.0.0.222:34997]...

Refreshing native plugins compatible for Editor in 5.08 ms, found 3 plugins.
Preloading 0 native plugins for Editor in 0.00 ms.
Initialize engine version: 2022.2.15f1 (30d813e1a2a9)
[Subsystems] Discovering subsystems at path C:/Program Files/Unity/Hub/Editor/2022.2.15f1/Editor/Data/Resources/UnitySubsystems
[Subsystems] Discovering subsystems at path C:/Users/3jd/Desktop/Através do tempo/Assets
GfxDevice: creating device client; threaded=0; jobified=0
Direct3D:
    Version:  Direct3D 11.0 [level 11.1]
    Renderer: AMD Radeon(TM) Graphics (ID=0x1636)
    Vendor:   ATI
    VRAM:     7870 MB
    Driver:   30.0.14030.1004
Initialize mono
Mono path[0] = 'C:/Program Files/Unity/Hub/Editor/2022.2.15f1/Editor/Data/Managed'
Mono path[1] = 'C:/Program Files/Unity/Hub/Editor/2022.2.15f1/Editor/Data/MonoBleedingEdge/lib/mono/unityjit-win32'
Mono config path = 'C:/Program Files/Unity/Hub/Editor/2022.2.15f1/Editor/Data/MonoBleedingEdge/etc'
Using monoOptions --debugger-agent=transport=dt_socket,embedding=1,server=y,suspend=n,address=127.0.0.1:56240
Begin MonoManager ReloadAssembly
Registering precompiled unity dll's ...
Register platform support module: C:/Program Files/Unity/Hub/Editor/2022.2.15f1/Editor/Data/PlaybackEngines/WindowsStandaloneSupport/UnityEditor.WindowsStandalone.Extensions.dll
Registered in 0.005356 seconds.
- Loaded All Assemblies, in  0.314 seconds
Native extension for WindowsStandalone target not found
Mono: successfully reloaded assembly
- Finished resetting the current domain, in  0.286 seconds
Domain Reload Profiling:
	ReloadAssembly (174ms)
		BeginReloadAssembly (76ms)
			ExecutionOrderSort (0ms)
			DisableScriptedObjects (0ms)
			BackupInstance (0ms)
			ReleaseScriptingObjects (0ms)
			CreateAndSetChildDomain (1ms)
		LoadAllAssembliesAndSetupDomain (0ms)
			LoadAssemblies (73ms)
			RebuildTransferFunctionScriptingTraits (0ms)
			SetupTypeCache (133ms)
				TypeCache.Initialize (132ms)
					TypeCache.ScanAssembly (131ms)
				ResolveRequiredComponents (0ms)
		FinalizeReload (0ms)
			ReleaseScriptCaches (0ms)
			RebuildScriptCaches (0ms)
			SetupLoadedEditorAssemblies (233ms)
				LogAssemblyErrors (0ms)
				InitializePlatformSupportModulesInManaged (11ms)
				SetLoadedEditorAssemblies (10ms)
				RefreshPlugins (0ms)
				BeforeProcessingInitializeOnLoad (3ms)
				ProcessInitializeOnLoadAttributes (166ms)
				ProcessInitializeOnLoadMethodAttributes (43ms)
				AfterProcessingInitializeOnLoad (0ms)
				EditorAssembliesLoaded (0ms)
			ExecutionOrderSort2 (0ms)
			AwakeInstancesAfterBackupRestoration (0ms)
========================================================================
Worker process is ready to serve import requests
Begin MonoManager ReloadAssembly
Symbol file LoadedFromMemory doesn't match image C:\Users\3jd\Desktop\Através do tempo\Library\PackageCache\com.unity.visualscripting@1.8.0\Editor\VisualScripting.Core\Dependencies\YamlDotNet\Unity.VisualScripting.YamlDotNet.dll
Symbol file LoadedFromMemory doesn't match image C:\Users\3jd\Desktop\Através do tempo\Library\PackageCache\com.unity.visualscripting@1.8.0\Editor\VisualScripting.Core\Dependencies\DotNetZip\Unity.VisualScripting.IonicZip.dll
- Loaded All Assemblies, in  0.605 seconds
Refreshing native plugins compatible for Editor in 2.06 ms, found 3 plugins.
Native extension for WindowsStandalone target not found
Mono: successfully reloaded assembly
- Finished resetting the current domain, in  0.424 seconds
Domain Reload Profiling:
	ReloadAssembly (193ms)
		BeginReloadAssembly (108ms)
			ExecutionOrderSort (0ms)
			DisableScriptedObjects (5ms)
			BackupInstance (0ms)
			ReleaseScriptingObjects (0ms)
			CreateAndSetChildDomain (20ms)
		LoadAllAssembliesAndSetupDomain (410ms)
			LoadAssemblies (214ms)
			RebuildTransferFunctionScriptingTraits (0ms)
			SetupTypeCache (246ms)
				TypeCache.Initialize (231ms)
					TypeCache.ScanAssembly (227ms)
				ResolveRequiredComponents (3ms)
		FinalizeReload (0ms)
			ReleaseScriptCaches (0ms)
			RebuildScriptCaches (0ms)
			SetupLoadedEditorAssemblies (298ms)
				LogAssemblyErrors (0ms)
				InitializePlatformSupportModulesInManaged (4ms)
				SetLoadedEditorAssemblies (4ms)
				RefreshPlugins (0ms)
				BeforeProcessingInitializeOnLoad (47ms)
				ProcessInitializeOnLoadAttributes (222ms)
				ProcessInitializeOnLoadMethodAttributes (16ms)
				AfterProcessingInitializeOnLoad (4ms)
				EditorAssembliesLoaded (0ms)
			ExecutionOrderSort2 (0ms)
			AwakeInstancesAfterBackupRestoration (6ms)
Launched and connected shader compiler UnityShaderCompiler.exe after 0.03 seconds
Refreshing native plugins compatible for Editor in 2.00 ms, found 3 plugins.
Preloading 0 native plugins for Editor in 0.00 ms.
Unloading 3062 Unused Serialized files (Serialized files now loaded: 0)
Unloading 31 unused Assets / (66.3 KB). Loaded Objects now: 3526.
Memory consumption went from 108.1 MB to 108.0 MB.
Total: 3.008700 ms (FindLiveObjects: 0.270400 ms CreateObjectMapping: 0.093200 ms MarkObjects: 2.537400 ms  DeleteObjects: 0.106000 ms)

AssetImportParameters requested are different than current active one (requested -> active):
  custom:container-demuxer-ogg: 62fdf1f143b41e24485cea50d1cbac27 -> 
  custom:video-decoder-ogg-theora: a1e56fd34408186e4bbccfd4996cb3dc -> 
  custom:framework-win-MediaFoundation: 216162199b28c13a410421893ffa2e32 -> 
  custom:container-demuxer-webm: 4f35f7cbe854078d1ac9338744f61a02 -> 
  custom:container-muxer-webm: aa71ff27fc2769a1b78a27578f13a17b -> 
  custom:video-decoder-webm-vp8: 9c59270c3fd7afecdb556c50c9e8de78 -> 
  custom:AudioImporter_EditorPlatform: d09bf68614088b80899f8185d706f6e7 -> 
  custom:video-encoder-webm-vp8: eb34c28f22e8b96e1ab97ce403110664 -> 
  custom:audio-decoder-ogg-vorbis: bf7c407c2cedff20999df2af8eb42d56 -> 
  custom:audio-encoder-webm-vorbis: bf7c407c2cedff20999df2af8eb42d56 -> 
========================================================================
Received Import Request.
  Time since last request: 66051.108102 seconds.
  path: Assets/objects/materials/chao/Eyes.jpeg
  artifactKey: Guid(dd6fe597104136f46948399b590bc195) Importer(815301076,1909f56bfc062723c751e8b465ee728b)
Start importing Assets/objects/materials/chao/Eyes.jpeg using Guid(dd6fe597104136f46948399b590bc195) Importer(815301076,1909f56bfc062723c751e8b465ee728b)  -> (artifact id: '1202ed232dd0251223e69f5cdf0738a5') in 0.078387 seconds
Number of updated asset objects reloaded before import = 0
Number of asset objects unloaded after import = 2
========================================================================
Received Import Request.
  Time since last request: 51.561068 seconds.
  path: Assets/objects/Tyrannosaurus Rex.obj
  artifactKey: Guid(a28440816c1b6ad4fa01c799586d352c) Importer(815301076,1909f56bfc062723c751e8b465ee728b)
Start importing Assets/objects/Tyrannosaurus Rex.obj using Guid(a28440816c1b6ad4fa01c799586d352c) Importer(815301076,1909f56bfc062723c751e8b465ee728b)  -> (artifact id: '1856f64bf52048a3cd103b47b66300c5') in 0.139819 seconds
Number of updated asset objects reloaded before import = 0
Number of asset objects unloaded after import = 10
========================================================================
Received Import Request.
  Time since last request: 290.769191 seconds.
  path: Assets/objects/materials/chao/trex.mat
  artifactKey: Guid(d3affd543aefb974cbe9918bcbb75be1) Importer(815301076,1909f56bfc062723c751e8b465ee728b)
Start importing Assets/objects/materials/chao/trex.mat using Guid(d3affd543aefb974cbe9918bcbb75be1) Importer(815301076,1909f56bfc062723c751e8b465ee728b)  -> (artifact id: '45ced3fbd021bc078470ee7961485b36') in 0.013880 seconds
Number of updated asset objects reloaded before import = 0
Number of asset objects unloaded after import = 1
========================================================================
Received Import Request.
  Time since last request: 320.843074 seconds.
  path: Assets/objects/materials/chao/iStock_000058981574_Full.jpg
  artifactKey: Guid(3e59a1ce2a7ab634eb06d449969a5954) Importer(815301076,1909f56bfc062723c751e8b465ee728b)
Start importing Assets/objects/materials/chao/iStock_000058981574_Full.jpg using Guid(3e59a1ce2a7ab634eb06d449969a5954) Importer(815301076,1909f56bfc062723c751e8b465ee728b)  -> (artifact id: 'c6723fef5ae8b99287e2e5ef86c092b0') in 0.012453 seconds
Number of updated asset objects reloaded before import = 0
Number of asset objects unloaded after import = 2
========================================================================
Received Import Request.
  Time since last request: 5.368790 seconds.
  path: Assets/objects/materials/chao/trex.jfif
  artifactKey: Guid(33d7b9778fff07d488f934c7aae95719) Importer(815301076,1909f56bfc062723c751e8b465ee728b)
Start importing Assets/objects/materials/chao/trex.jfif using Guid(33d7b9778fff07d488f934c7aae95719) Importer(815301076,1909f56bfc062723c751e8b465ee728b)  -> (artifact id: '559569876f165186901e4383dad0880d') in 0.001193 seconds
Number of updated asset objects reloaded before import = 0
Number of asset objects unloaded after import = 1
========================================================================
Received Import Request.
  Time since last request: 1475.204849 seconds.
  path: Assets/objects/materials/chao/low2_ret_g.jpeg
  artifactKey: Guid(f29f36f0156377445b5b904d0c8249e8) Importer(815301076,1909f56bfc062723c751e8b465ee728b)
Start importing Assets/objects/materials/chao/low2_ret_g.jpeg using Guid(f29f36f0156377445b5b904d0c8249e8) Importer(815301076,1909f56bfc062723c751e8b465ee728b)  -> (artifact id: '187f10c0498382db74aea63f6442aa76') in 0.018700 seconds
Number of updated asset objects reloaded before import = 0
Number of asset objects unloaded after import = 2
========================================================================
Received Import Request.
  Time since last request: 0.000023 seconds.
  path: Assets/objects/materials/chao/low2_ret_occlusion.jpeg
  artifactKey: Guid(d3f40fe0688962549a088c667adfbe2e) Importer(815301076,1909f56bfc062723c751e8b465ee728b)
Start importing Assets/objects/materials/chao/low2_ret_occlusion.jpeg using Guid(d3f40fe0688962549a088c667adfbe2e) Importer(815301076,1909f56bfc062723c751e8b465ee728b)  -> (artifact id: '7fbf7a23d8bb7a1919d25b4e8c531d25') in 0.017477 seconds
Number of updated asset objects reloaded before import = 0
Number of asset objects unloaded after import = 2
========================================================================
Received Import Request.
  Time since last request: 0.000023 seconds.
  path: Assets/objects/materials/chao/low2_retb.jpeg
  artifactKey: Guid(60d280dfda6389842bcc955278279642) Importer(815301076,1909f56bfc062723c751e8b465ee728b)
Start importing Assets/objects/materials/chao/low2_retb.jpeg using Guid(60d280dfda6389842bcc955278279642) Importer(815301076,1909f56bfc062723c751e8b465ee728b)  -> (artifact id: '4d90bc46637e58917d4a0be2b11676ad') in 0.014205 seconds
Number of updated asset objects reloaded before import = 0
Number of asset objects unloaded after import = 2
========================================================================
Received Import Request.
  Time since last request: 17.119401 seconds.
  path: Assets/objects/materials/chao/low2_ret_g.jpg
  artifactKey: Guid(7e840cbf27976a74791da54b0e68f7c5) Importer(815301076,1909f56bfc062723c751e8b465ee728b)
Start importing Assets/objects/materials/chao/low2_ret_g.jpg using Guid(7e840cbf27976a74791da54b0e68f7c5) Importer(815301076,1909f56bfc062723c751e8b465ee728b)  -> (artifact id: 'bc540644fa8a770e6ce9a037f726d0d3') in 0.015402 seconds
Number of updated asset objects reloaded before import = 0
Number of asset objects unloaded after import = 2
========================================================================
Received Import Request.
  Time since last request: 0.000023 seconds.
  path: Assets/objects/materials/chao/low2_ret_occlusion.jpg
  artifactKey: Guid(203e3c138eac8ce4cbfdc2c4fae5c152) Importer(815301076,1909f56bfc062723c751e8b465ee728b)
Start importing Assets/objects/materials/chao/low2_ret_occlusion.jpg using Guid(203e3c138eac8ce4cbfdc2c4fae5c152) Importer(815301076,1909f56bfc062723c751e8b465ee728b)  -> (artifact id: '433865f319851bce5296f3a0cdc21c82') in 0.015111 seconds
Number of updated asset objects reloaded before import = 0
Number of asset objects unloaded after import = 2
========================================================================
Received Import Request.
  Time since last request: 10.090154 seconds.
  path: Assets/objects/log.obj
  artifactKey: Guid(6059bd9eb7f281b4ab8bdf157400e212) Importer(815301076,1909f56bfc062723c751e8b465ee728b)
Start importing Assets/objects/log.obj using Guid(6059bd9eb7f281b4ab8bdf157400e212) Importer(815301076,1909f56bfc062723c751e8b465ee728b)  -> (artifact id: 'e3568e0fc1737017e4d9f64fe2b3dcc0') in 0.032945 seconds
Number of updated asset objects reloaded before import = 0
Number of asset objects unloaded after import = 10
========================================================================
Received Import Request.
  Time since last request: 137.284107 seconds.
  path: Assets/objects/materials/chao/log.mat
  artifactKey: Guid(f3e0ff6302f90eb479bfeaf26d413b15) Importer(815301076,1909f56bfc062723c751e8b465ee728b)
Start importing Assets/objects/materials/chao/log.mat using Guid(f3e0ff6302f90eb479bfeaf26d413b15) Importer(815301076,1909f56bfc062723c751e8b465ee728b)  -> (artifact id: '6502570d70889fcc234d903edd0f6016') in 0.012370 seconds
Number of updated asset objects reloaded before import = 0
Number of asset objects unloaded after import = 1
========================================================================
Received Import Request.
  Time since last request: 668.963997 seconds.
  path: Assets/objects/materials/chao/chao.mat
  artifactKey: Guid(e60557b3bc110e543bbcbd57daeef254) Importer(815301076,1909f56bfc062723c751e8b465ee728b)
Start importing Assets/objects/materials/chao/chao.mat using Guid(e60557b3bc110e543bbcbd57daeef254) Importer(815301076,1909f56bfc062723c751e8b465ee728b)  -> (artifact id: 'dae78ddfabe1ea741578faea0981d330') in 0.018475 seconds
Number of updated asset objects reloaded before import = 0
Number of asset objects unloaded after import = 3
========================================================================
Received Import Request.
  Time since last request: 0.000020 seconds.
  path: Assets/objects/materials/chao/rock.mat
  artifactKey: Guid(3d1ee34a198874142a1593db8f261147) Importer(815301076,1909f56bfc062723c751e8b465ee728b)
Start importing Assets/objects/materials/chao/rock.mat using Guid(3d1ee34a198874142a1593db8f261147) Importer(815301076,1909f56bfc062723c751e8b465ee728b)  -> (artifact id: '1c84c895b2828ea24f8e339e275d0663') in 0.018819 seconds
Number of updated asset objects reloaded before import = 0
Number of asset objects unloaded after import = 4
========================================================================
Received Import Request.
  Time since last request: 3.314790 seconds.
  path: Assets/objects/materials/chao/chao.mat
  artifactKey: Guid(e60557b3bc110e543bbcbd57daeef254) Importer(815301076,1909f56bfc062723c751e8b465ee728b)
Start importing Assets/objects/materials/chao/chao.mat using Guid(e60557b3bc110e543bbcbd57daeef254) Importer(815301076,1909f56bfc062723c751e8b465ee728b)  -> (artifact id: '614ac40c6a18dcd2cb56e9d7c1f7c873') in 0.019914 seconds
Number of updated asset objects reloaded before import = 0
Number of asset objects unloaded after import = 3
========================================================================
Received Import Request.
  Time since last request: 0.000019 seconds.
  path: Assets/objects/materials/chao/rock.mat
  artifactKey: Guid(3d1ee34a198874142a1593db8f261147) Importer(815301076,1909f56bfc062723c751e8b465ee728b)
Start importing Assets/objects/materials/chao/rock.mat using Guid(3d1ee34a198874142a1593db8f261147) Importer(815301076,1909f56bfc062723c751e8b465ee728b)  -> (artifact id: '17364ca80c6634fe434d0d91a37d271f') in 0.016023 seconds
Number of updated asset objects reloaded before import = 0
Number of asset objects unloaded after import = 4
